   Compiling version_check v0.9.5
   Compiling proc-macro2 v1.0.106
   Compiling typenum v1.20.1
   Compiling unicode-ident v1.0.24
   Compiling quote v1.0.46
   Compiling serde_core v1.0.228
   Compiling libc v0.2.186
   Compiling getrandom v0.4.3
   Compiling zmij v1.0.23
   Compiling rustix v1.1.4
   Compiling cfg-if v1.0.4
   Compiling redb v4.1.0
   Compiling anyhow v1.0.103
   Compiling linux-raw-sys v0.12.1
   Compiling bitflags v2.13.1
   Compiling serde v1.0.228
   Compiling serde_json v1.0.150
   Compiling generic-array v0.14.7
   Compiling memchr v2.8.3
   Compiling itoa v1.0.18
   Compiling cpufeatures v0.2.17
   Compiling fastrand v2.4.1
   Compiling once_cell v1.21.4
   Compiling syn v2.0.119
   Compiling block-buffer v0.10.4
   Compiling crypto-common v0.1.7
   Compiling digest v0.10.7
   Compiling sha2 v0.10.9
   Compiling tempfile v3.27.0
   Compiling serde_derive v1.0.228
   Compiling lumin-phase0-store-probe v0.1.0 (/home/endof/lumin-phase0-store-probe-65e6021-20260717)
    Finished `release` profile [optimized] target(s) in 2m 30s
