   Compiling cfg-if v1.0.4
   Compiling smawk v0.3.3
   Compiling unicode-linebreak v0.1.5
   Compiling allocator-api2 v0.2.21
   Compiling thiserror v2.0.18
   Compiling owo-colors v4.3.0
   Compiling itoa v1.0.18
   Compiling unicode-width v0.2.2
   Compiling serde_core v1.0.228
   Compiling unicode-segmentation v1.13.3
   Compiling castaway v0.2.4
   Compiling static_assertions v1.1.0
   Compiling rustc-hash v2.1.3
   Compiling oxc_data_structures v0.126.0
   Compiling ryu v1.0.23
   Compiling siphasher v1.0.3
   Compiling oxc_estree v0.126.0
   Compiling serde v1.0.228
   Compiling cow-utils v0.1.3
   Compiling crossbeam-utils v0.8.22
   Compiling dragonbox_ecma v0.1.12
   Compiling num-traits v0.2.19
   Compiling bitflags v2.13.1
   Compiling textwrap v0.16.2
   Compiling compact_str v0.9.1
   Compiling phf_shared v0.13.1
   Compiling nonmax v0.5.5
   Compiling unicode-id-start v1.4.0
   Compiling percent-encoding v2.3.2
   Compiling crossbeam-epoch v0.9.20
   Compiling crossbeam-deque v0.8.7
   Compiling zmij v1.0.23
   Compiling hashbrown v0.17.1
   Compiling phf v0.13.1
   Compiling rayon-core v1.13.0
   Compiling memchr v2.8.3
   Compiling redb v4.1.0
   Compiling serde_json v1.0.150
   Compiling anyhow v1.0.103
   Compiling either v1.16.0
   Compiling oxc-miette v2.7.1
   Compiling num-integer v0.1.46
   Compiling oxc_allocator v0.126.0
   Compiling num-bigint v0.4.8
   Compiling oxc_diagnostics v0.126.0
   Compiling rayon v1.11.0
   Compiling oxc_str v0.126.0
   Compiling oxc_span v0.126.0
   Compiling oxc_regular_expression v0.126.0
   Compiling oxc_index v4.1.0
   Compiling oxc_syntax v0.126.0
   Compiling oxc_ast v0.126.0
   Compiling oxc_ecmascript v0.126.0
   Compiling oxc_parser v0.126.0
   Compiling lumin-phase0-static-packaging-probe v0.1.0 (/home/endof/lumin-static-binding-38c1a75d/source)
    Finished `release` profile [optimized] target(s) in 1m 21s
