   Compiling version_check v0.9.5
   Compiling proc-macro2 v1.0.106
   Compiling typenum v1.20.1
   Compiling quote v1.0.46
   Compiling find-msvc-tools v0.1.9
   Compiling generic-array v0.14.7
   Compiling unicode-ident v1.0.24
   Compiling shlex v2.0.1
   Compiling libc v0.2.186
   Compiling cc v1.2.67
   Compiling vcpkg v0.2.15
   Compiling pkg-config v0.3.33
   Compiling serde_core v1.0.228
   Compiling zmij v1.0.23
   Compiling bitflags v2.13.1
   Compiling getrandom v0.4.3
   Compiling rustix v1.1.4
   Compiling cfg-if v1.0.4
   Compiling foldhash v0.2.0
   Compiling syn v2.0.119
   Compiling hashbrown v0.16.1
   Compiling libsqlite3-sys v0.37.0
   Compiling crypto-common v0.1.7
   Compiling block-buffer v0.10.4
   Compiling linux-raw-sys v0.12.1
   Compiling anyhow v1.0.103
   Compiling serde_json v1.0.150
   Compiling serde v1.0.228
   Compiling redb v4.1.0
   Compiling serde_derive v1.0.228
   Compiling digest v0.10.7
   Compiling hashlink v0.11.1
   Compiling smallvec v1.15.2
   Compiling fallible-streaming-iterator v0.1.9
   Compiling cpufeatures v0.2.17
   Compiling fastrand v2.4.1
   Compiling once_cell v1.21.4
   Compiling itoa v1.0.18
   Compiling fallible-iterator v0.3.0
   Compiling memchr v2.8.3
   Compiling tempfile v3.27.0
   Compiling sha2 v0.10.9
   Compiling rusqlite v0.39.0
   Compiling lumin-phase0-store-probe v0.1.0 (/home/runner/work/lumin_Refactor/lumin_Refactor/reviews/probes/phase0-store-backend-windows-x64-2026-07-17/source)
    Finished `release` profile [optimized] target(s) in 1m 03s
