   Compiling version_check v0.9.5
   Compiling proc-macro2 v1.0.106
   Compiling quote v1.0.46
   Compiling typenum v1.20.1
   Compiling unicode-ident v1.0.24
   Compiling generic-array v0.14.7
   Compiling libc v0.2.186
   Compiling serde_core v1.0.228
   Compiling zmij v1.0.23
   Compiling cfg-if v1.0.4
   Compiling rustix v1.1.4
   Compiling getrandom v0.4.3
   Compiling syn v2.0.119
   Compiling block-buffer v0.10.4
   Compiling crypto-common v0.1.7
   Compiling anyhow v1.0.103
   Compiling bitflags v2.13.1
   Compiling redb v4.1.0
   Compiling serde v1.0.228
   Compiling serde_json v1.0.150
   Compiling linux-raw-sys v0.12.1
   Compiling digest v0.10.7
   Compiling itoa v1.0.18
   Compiling cpufeatures v0.2.17
   Compiling fastrand v2.4.1
   Compiling memchr v2.8.3
   Compiling serde_derive v1.0.228
   Compiling once_cell v1.21.4
   Compiling sha2 v0.10.9
   Compiling tempfile v3.27.0
   Compiling lumin-phase0-store-probe v0.1.0 (/home/runner/work/lumin_Refactor/lumin_Refactor/reviews/probes/phase0-store-backend-windows-x64-2026-07-17/source)
    Finished `release` profile [optimized] target(s) in 27.59s
